{
  "/Users/chris/Developer/projects/routineops/routineops-frontend/src/defaultTheme.js": {
    "path": "/Users/chris/Developer/projects/routineops/routineops-frontend/src/defaultTheme.js",
    "statementMap": {
      "0": {
        "start": {
          "line": 1,
          "column": 24
        },
        "end": {
          "line": 227,
          "column": 1
        }
      }
    },
    "fnMap": {},
    "branchMap": {},
    "s": {
      "0": 1104
    },
    "f": {},
    "b": {},
    "_coverageSchema": "1a1c01bbd47fc00a2c39e90264f33305004495a9",
    "hash": "b57e72beff610c417b662f18b0c8208cb354b2f6"
  },
  "/Users/chris/Developer/projects/routineops/routineops-frontend/src/apiClient.js": {
    "path": "/Users/chris/Developer/projects/routineops/routineops-frontend/src/apiClient.js",
    "statementMap": {
      "0": {
        "start": {
          "line": 3,
          "column": 14
        },
        "end": {
          "line": 3,
          "column": 38
        }
      },
      "1": {
        "start": {
          "line": 9,
          "column": 0
        },
        "end": {
          "line": 13,
          "column": 1
        }
      },
      "2": {
        "start": {
          "line": 10,
          "column": 2
        },
        "end": {
          "line": 10,
          "column": 49
        }
      },
      "3": {
        "start": {
          "line": 12,
          "column": 2
        },
        "end": {
          "line": 12,
          "column": 39
        }
      },
      "4": {
        "start": {
          "line": 14,
          "column": 16
        },
        "end": {
          "line": 14,
          "column": 29
        }
      },
      "5": {
        "start": {
          "line": 18,
          "column": 20
        },
        "end": {
          "line": 21,
          "column": 1
        }
      },
      "6": {
        "start": {
          "line": 23,
          "column": 0
        },
        "end": {
          "line": 23,
          "column": 63
        }
      },
      "7": {
        "start": {
          "line": 25,
          "column": 18
        },
        "end": {
          "line": 48,
          "column": 1
        }
      },
      "8": {
        "start": {
          "line": 26,
          "column": 19
        },
        "end": {
          "line": 26,
          "column": 43
        }
      },
      "9": {
        "start": {
          "line": 28,
          "column": 2
        },
        "end": {
          "line": 36,
          "column": 5
        }
      },
      "10": {
        "start": {
          "line": 29,
          "column": 18
        },
        "end": {
          "line": 29,
          "column": 39
        }
      },
      "11": {
        "start": {
          "line": 30,
          "column": 4
        },
        "end": {
          "line": 32,
          "column": 5
        }
      },
      "12": {
        "start": {
          "line": 31,
          "column": 6
        },
        "end": {
          "line": 31,
          "column": 53
        }
      },
      "13": {
        "start": {
          "line": 33,
          "column": 4
        },
        "end": {
          "line": 33,
          "column": 17
        }
      },
      "14": {
        "start": {
          "line": 35,
          "column": 4
        },
        "end": {
          "line": 35,
          "column": 33
        }
      },
      "15": {
        "start": {
          "line": 38,
          "column": 2
        },
        "end": {
          "line": 46,
          "column": 5
        }
      },
      "16": {
        "start": {
          "line": 39,
          "column": 4
        },
        "end": {
          "line": 39,
          "column": 20
        }
      },
      "17": {
        "start": {
          "line": 41,
          "column": 4
        },
        "end": {
          "line": 44,
          "column": 5
        }
      },
      "18": {
        "start": {
          "line": 42,
          "column": 6
        },
        "end": {
          "line": 42,
          "column": 32
        }
      },
      "19": {
        "start": {
          "line": 43,
          "column": 6
        },
        "end": {
          "line": 43,
          "column": 25
        }
      },
      "20": {
        "start": {
          "line": 45,
          "column": 4
        },
        "end": {
          "line": 45,
          "column": 33
        }
      },
      "21": {
        "start": {
          "line": 47,
          "column": 2
        },
        "end": {
          "line": 47,
          "column": 17
        }
      }
    },
    "fnMap": {
      "0": {
        "name": "(anonymous_0)",
        "decl": {
          "start": {
            "line": 25,
            "column": 18
          },
          "end": {
            "line": 25,
            "column": 19
          }
        },
        "loc": {
          "start": {
            "line": 25,
            "column": 42
          },
          "end": {
            "line": 48,
            "column": 1
          }
        },
        "line": 25
      },
      "1": {
        "name": "(anonymous_1)",
        "decl": {
          "start": {
            "line": 28,
            "column": 36
          },
          "end": {
            "line": 28,
            "column": 37
          }
        },
        "loc": {
          "start": {
            "line": 28,
            "column": 48
          },
          "end": {
            "line": 34,
            "column": 3
          }
        },
        "line": 28
      },
      "2": {
        "name": "(anonymous_2)",
        "decl": {
          "start": {
            "line": 34,
            "column": 5
          },
          "end": {
            "line": 34,
            "column": 6
          }
        },
        "loc": {
          "start": {
            "line": 34,
            "column": 16
          },
          "end": {
            "line": 36,
            "column": 3
          }
        },
        "line": 34
      },
      "3": {
        "name": "(anonymous_3)",
        "decl": {
          "start": {
            "line": 38,
            "column": 37
          },
          "end": {
            "line": 38,
            "column": 38
          }
        },
        "loc": {
          "start": {
            "line": 38,
            "column": 51
          },
          "end": {
            "line": 40,
            "column": 3
          }
        },
        "line": 38
      },
      "4": {
        "name": "(anonymous_4)",
        "decl": {
          "start": {
            "line": 40,
            "column": 5
          },
          "end": {
            "line": 40,
            "column": 6
          }
        },
        "loc": {
          "start": {
            "line": 40,
            "column": 16
          },
          "end": {
            "line": 46,
            "column": 3
          }
        },
        "line": 40
      }
    },
    "branchMap": {
      "0": {
        "loc": {
          "start": {
            "line": 9,
            "column": 0
          },
          "end": {
            "line": 13,
            "column": 1
          }
        },
        "type": "if",
        "locations": [
          {
            "start": {
              "line": 9,
              "column": 0
            },
            "end": {
              "line": 13,
              "column": 1
            }
          },
          {
            "start": {
              "line": 9,
              "column": 0
            },
            "end": {
              "line": 13,
              "column": 1
            }
          }
        ],
        "line": 9
      },
      "1": {
        "loc": {
          "start": {
            "line": 30,
            "column": 4
          },
          "end": {
            "line": 32,
            "column": 5
          }
        },
        "type": "if",
        "locations": [
          {
            "start": {
              "line": 30,
              "column": 4
            },
            "end": {
              "line": 32,
              "column": 5
            }
          },
          {
            "start": {
              "line": 30,
              "column": 4
            },
            "end": {
              "line": 32,
              "column": 5
            }
          }
        ],
        "line": 30
      },
      "2": {
        "loc": {
          "start": {
            "line": 41,
            "column": 4
          },
          "end": {
            "line": 44,
            "column": 5
          }
        },
        "type": "if",
        "locations": [
          {
            "start": {
              "line": 41,
              "column": 4
            },
            "end": {
              "line": 44,
              "column": 5
            }
          },
          {
            "start": {
              "line": 41,
              "column": 4
            },
            "end": {
              "line": 44,
              "column": 5
            }
          }
        ],
        "line": 41
      },
      "3": {
        "loc": {
          "start": {
            "line": 41,
            "column": 8
          },
          "end": {
            "line": 41,
            "column": 55
          }
        },
        "type": "binary-expr",
        "locations": [
          {
            "start": {
              "line": 41,
              "column": 8
            },
            "end": {
              "line": 41,
              "column": 22
            }
          },
          {
            "start": {
              "line": 41,
              "column": 26
            },
            "end": {
              "line": 41,
              "column": 55
            }
          }
        ],
        "line": 41
      }
    },
    "s": {
      "0": 1106,
      "1": 1106,
      "2": 1106,
      "3": 0,
      "4": 1106,
      "5": 1106,
      "6": 1106,
      "7": 1106,
      "8": 3491,
      "9": 3491,
      "10": 3491,
      "11": 3491,
      "12": 3083,
      "13": 3491,
      "14": 0,
      "15": 3491,
      "16": 3235,
      "17": 212,
      "18": 14,
      "19": 14,
      "20": 212,
      "21": 3491
    },
    "f": {
      "0": 3491,
      "1": 3491,
      "2": 0,
      "3": 3235,
      "4": 212
    },
    "b": {
      "0": [
        1106,
        0
      ],
      "1": [
        3083,
        408
      ],
      "2": [
        14,
        198
      ],
      "3": [
        212,
        88
      ]
    },
    "_coverageSchema": "1a1c01bbd47fc00a2c39e90264f33305004495a9",
    "hash": "dda2971a35c5c3c2d8f3338e64692bd8b66cfd38"
  },
  "/Users/chris/Developer/projects/routineops/routineops-frontend/src/features/auth/authSlice.js": {
    "path": "/Users/chris/Developer/projects/routineops/routineops-frontend/src/features/auth/authSlice.js",
    "statementMap": {
      "0": {
        "start": {
          "line": 8,
          "column": 21
        },
        "end": {
          "line": 11,
          "column": 1
        }
      },
      "1": {
        "start": {
          "line": 14,
          "column": 21
        },
        "end": {
          "line": 26,
          "column": 2
        }
      },
      "2": {
        "start": {
          "line": 15,
          "column": 4
        },
        "end": {
          "line": 25,
          "column": 5
        }
      },
      "3": {
        "start": {
          "line": 16,
          "column": 23
        },
        "end": {
          "line": 16,
          "column": 52
        }
      },
      "4": {
        "start": {
          "line": 17,
          "column": 25
        },
        "end": {
          "line": 17,
          "column": 71
        }
      },
      "5": {
        "start": {
          "line": 18,
          "column": 8
        },
        "end": {
          "line": 18,
          "column": 28
        }
      },
      "6": {
        "start": {
          "line": 19,
          "column": 8
        },
        "end": {
          "line": 19,
          "column": 28
        }
      },
      "7": {
        "start": {
          "line": 21,
          "column": 8
        },
        "end": {
          "line": 23,
          "column": 9
        }
      },
      "8": {
        "start": {
          "line": 22,
          "column": 12
        },
        "end": {
          "line": 22,
          "column": 21
        }
      },
      "9": {
        "start": {
          "line": 24,
          "column": 8
        },
        "end": {
          "line": 24,
          "column": 49
        }
      },
      "10": {
        "start": {
          "line": 28,
          "column": 30
        },
        "end": {
          "line": 39,
          "column": 2
        }
      },
      "11": {
        "start": {
          "line": 29,
          "column": 4
        },
        "end": {
          "line": 38,
          "column": 5
        }
      },
      "12": {
        "start": {
          "line": 30,
          "column": 23
        },
        "end": {
          "line": 30,
          "column": 52
        }
      },
      "13": {
        "start": {
          "line": 31,
          "column": 25
        },
        "end": {
          "line": 31,
          "column": 79
        }
      },
      "14": {
        "start": {
          "line": 32,
          "column": 8
        },
        "end": {
          "line": 32,
          "column": 28
        }
      },
      "15": {
        "start": {
          "line": 34,
          "column": 8
        },
        "end": {
          "line": 36,
          "column": 9
        }
      },
      "16": {
        "start": {
          "line": 35,
          "column": 12
        },
        "end": {
          "line": 35,
          "column": 21
        }
      },
      "17": {
        "start": {
          "line": 37,
          "column": 8
        },
        "end": {
          "line": 37,
          "column": 49
        }
      },
      "18": {
        "start": {
          "line": 41,
          "column": 31
        },
        "end": {
          "line": 52,
          "column": 2
        }
      },
      "19": {
        "start": {
          "line": 42,
          "column": 4
        },
        "end": {
          "line": 51,
          "column": 5
        }
      },
      "20": {
        "start": {
          "line": 43,
          "column": 23
        },
        "end": {
          "line": 43,
          "column": 52
        }
      },
      "21": {
        "start": {
          "line": 44,
          "column": 25
        },
        "end": {
          "line": 44,
          "column": 73
        }
      },
      "22": {
        "start": {
          "line": 45,
          "column": 8
        },
        "end": {
          "line": 45,
          "column": 28
        }
      },
      "23": {
        "start": {
          "line": 47,
          "column": 8
        },
        "end": {
          "line": 49,
          "column": 9
        }
      },
      "24": {
        "start": {
          "line": 48,
          "column": 12
        },
        "end": {
          "line": 48,
          "column": 21
        }
      },
      "25": {
        "start": {
          "line": 50,
          "column": 8
        },
        "end": {
          "line": 50,
          "column": 49
        }
      },
      "26": {
        "start": {
          "line": 54,
          "column": 29
        },
        "end": {
          "line": 65,
          "column": 2
        }
      },
      "27": {
        "start": {
          "line": 55,
          "column": 4
        },
        "end": {
          "line": 64,
          "column": 5
        }
      },
      "28": {
        "start": {
          "line": 56,
          "column": 23
        },
        "end": {
          "line": 56,
          "column": 52
        }
      },
      "29": {
        "start": {
          "line": 57,
          "column": 25
        },
        "end": {
          "line": 57,
          "column": 81
        }
      },
      "30": {
        "start": {
          "line": 58,
          "column": 8
        },
        "end": {
          "line": 58,
          "column": 28
        }
      },
      "31": {
        "start": {
          "line": 60,
          "column": 8
        },
        "end": {
          "line": 62,
          "column": 9
        }
      },
      "32": {
        "start": {
          "line": 61,
          "column": 12
        },
        "end": {
          "line": 61,
          "column": 21
        }
      },
      "33": {
        "start": {
          "line": 63,
          "column": 8
        },
        "end": {
          "line": 63,
          "column": 49
        }
      },
      "34": {
        "start": {
          "line": 68,
          "column": 22
        },
        "end": {
          "line": 77,
          "column": 2
        }
      },
      "35": {
        "start": {
          "line": 69,
          "column": 4
        },
        "end": {
          "line": 69,
          "column": 24
        }
      },
      "36": {
        "start": {
          "line": 70,
          "column": 19
        },
        "end": {
          "line": 70,
          "column": 48
        }
      },
      "37": {
        "start": {
          "line": 71,
          "column": 21
        },
        "end": {
          "line": 71,
          "column": 55
        }
      },
      "38": {
        "start": {
          "line": 72,
          "column": 4
        },
        "end": {
          "line": 72,
          "column": 55
        }
      },
      "39": {
        "start": {
          "line": 73,
          "column": 4
        },
        "end": {
          "line": 73,
          "column": 54
        }
      },
      "40": {
        "start": {
          "line": 74,
          "column": 4
        },
        "end": {
          "line": 74,
          "column": 42
        }
      },
      "41": {
        "start": {
          "line": 75,
          "column": 4
        },
        "end": {
          "line": 75,
          "column": 29
        }
      },
      "42": {
        "start": {
          "line": 76,
          "column": 4
        },
        "end": {
          "line": 76,
          "column": 24
        }
      },
      "43": {
        "start": {
          "line": 79,
          "column": 22
        },
        "end": {
          "line": 99,
          "column": 2
        }
      },
      "44": {
        "start": {
          "line": 80,
          "column": 4
        },
        "end": {
          "line": 97,
          "column": 5
        }
      },
      "45": {
        "start": {
          "line": 81,
          "column": 23
        },
        "end": {
          "line": 81,
          "column": 52
        }
      },
      "46": {
        "start": {
          "line": 82,
          "column": 25
        },
        "end": {
          "line": 82,
          "column": 67
        }
      },
      "47": {
        "start": {
          "line": 83,
          "column": 8
        },
        "end": {
          "line": 83,
          "column": 53
        }
      },
      "48": {
        "start": {
          "line": 84,
          "column": 8
        },
        "end": {
          "line": 89,
          "column": 9
        }
      },
      "49": {
        "start": {
          "line": 85,
          "column": 12
        },
        "end": {
          "line": 88,
          "column": 15
        }
      },
      "50": {
        "start": {
          "line": 90,
          "column": 8
        },
        "end": {
          "line": 90,
          "column": 27
        }
      },
      "51": {
        "start": {
          "line": 91,
          "column": 8
        },
        "end": {
          "line": 91,
          "column": 28
        }
      },
      "52": {
        "start": {
          "line": 93,
          "column": 8
        },
        "end": {
          "line": 95,
          "column": 9
        }
      },
      "53": {
        "start": {
          "line": 94,
          "column": 12
        },
        "end": {
          "line": 94,
          "column": 21
        }
      },
      "54": {
        "start": {
          "line": 96,
          "column": 8
        },
        "end": {
          "line": 96,
          "column": 49
        }
      },
      "55": {
        "start": {
          "line": 101,
          "column": 36
        },
        "end": {
          "line": 114,
          "column": 2
        }
      },
      "56": {
        "start": {
          "line": 102,
          "column": 4
        },
        "end": {
          "line": 112,
          "column": 5
        }
      },
      "57": {
        "start": {
          "line": 103,
          "column": 23
        },
        "end": {
          "line": 103,
          "column": 52
        }
      },
      "58": {
        "start": {
          "line": 104,
          "column": 25
        },
        "end": {
          "line": 104,
          "column": 83
        }
      },
      "59": {
        "start": {
          "line": 105,
          "column": 8
        },
        "end": {
          "line": 105,
          "column": 80
        }
      },
      "60": {
        "start": {
          "line": 106,
          "column": 8
        },
        "end": {
          "line": 106,
          "column": 28
        }
      },
      "61": {
        "start": {
          "line": 108,
          "column": 8
        },
        "end": {
          "line": 110,
          "column": 9
        }
      },
      "62": {
        "start": {
          "line": 109,
          "column": 12
        },
        "end": {
          "line": 109,
          "column": 21
        }
      },
      "63": {
        "start": {
          "line": 111,
          "column": 8
        },
        "end": {
          "line": 111,
          "column": 49
        }
      },
      "64": {
        "start": {
          "line": 116,
          "column": 29
        },
        "end": {
          "line": 128,
          "column": 2
        }
      },
      "65": {
        "start": {
          "line": 117,
          "column": 4
        },
        "end": {
          "line": 127,
          "column": 5
        }
      },
      "66": {
        "start": {
          "line": 118,
          "column": 23
        },
        "end": {
          "line": 118,
          "column": 52
        }
      },
      "67": {
        "start": {
          "line": 119,
          "column": 25
        },
        "end": {
          "line": 119,
          "column": 81
        }
      },
      "68": {
        "start": {
          "line": 120,
          "column": 8
        },
        "end": {
          "line": 120,
          "column": 49
        }
      },
      "69": {
        "start": {
          "line": 121,
          "column": 8
        },
        "end": {
          "line": 121,
          "column": 28
        }
      },
      "70": {
        "start": {
          "line": 123,
          "column": 8
        },
        "end": {
          "line": 125,
          "column": 9
        }
      },
      "71": {
        "start": {
          "line": 124,
          "column": 12
        },
        "end": {
          "line": 124,
          "column": 21
        }
      },
      "72": {
        "start": {
          "line": 126,
          "column": 8
        },
        "end": {
          "line": 126,
          "column": 49
        }
      },
      "73": {
        "start": {
          "line": 132,
          "column": 25
        },
        "end": {
          "line": 154,
          "column": 2
        }
      },
      "74": {
        "start": {
          "line": 138,
          "column": 12
        },
        "end": {
          "line": 138,
          "column": 44
        }
      },
      "75": {
        "start": {
          "line": 139,
          "column": 12
        },
        "end": {
          "line": 139,
          "column": 49
        }
      },
      "76": {
        "start": {
          "line": 142,
          "column": 12
        },
        "end": {
          "line": 142,
          "column": 44
        }
      },
      "77": {
        "start": {
          "line": 143,
          "column": 12
        },
        "end": {
          "line": 143,
          "column": 49
        }
      },
      "78": {
        "start": {
          "line": 146,
          "column": 12
        },
        "end": {
          "line": 146,
          "column": 35
        }
      },
      "79": {
        "start": {
          "line": 147,
          "column": 12
        },
        "end": {
          "line": 147,
          "column": 36
        }
      },
      "80": {
        "start": {
          "line": 150,
          "column": 12
        },
        "end": {
          "line": 150,
          "column": 35
        }
      },
      "81": {
        "start": {
          "line": 151,
          "column": 12
        },
        "end": {
          "line": 151,
          "column": 36
        }
      },
      "82": {
        "start": {
          "line": 159,
          "column": 34
        },
        "end": {
          "line": 159,
          "column": 84
        }
      },
      "83": {
        "start": {
          "line": 159,
          "column": 45
        },
        "end": {
          "line": 159,
          "column": 84
        }
      },
      "84": {
        "start": {
          "line": 160,
          "column": 32
        },
        "end": {
          "line": 160,
          "column": 76
        }
      },
      "85": {
        "start": {
          "line": 160,
          "column": 43
        },
        "end": {
          "line": 160,
          "column": 76
        }
      },
      "86": {
        "start": {
          "line": 161,
          "column": 27
        },
        "end": {
          "line": 161,
          "column": 54
        }
      },
      "87": {
        "start": {
          "line": 161,
          "column": 38
        },
        "end": {
          "line": 161,
          "column": 54
        }
      }
    },
    "fnMap": {
      "0": {
        "name": "(anonymous_0)",
        "decl": {
          "start": {
            "line": 14,
            "column": 52
          },
          "end": {
            "line": 14,
            "column": 53
          }
        },
        "loc": {
          "start": {
            "line": 14,
            "column": 116
          },
          "end": {
            "line": 26,
            "column": 1
          }
        },
        "line": 14
      },
      "1": {
        "name": "(anonymous_1)",
        "decl": {
          "start": {
            "line": 28,
            "column": 70
          },
          "end": {
            "line": 28,
            "column": 71
          }
        },
        "loc": {
          "start": {
            "line": 28,
            "column": 132
          },
          "end": {
            "line": 39,
            "column": 1
          }
        },
        "line": 28
      },
      "2": {
        "name": "(anonymous_2)",
        "decl": {
          "start": {
            "line": 41,
            "column": 72
          },
          "end": {
            "line": 41,
            "column": 73
          }
        },
        "loc": {
          "start": {
            "line": 41,
            "column": 129
          },
          "end": {
            "line": 52,
            "column": 1
          }
        },
        "line": 41
      },
      "3": {
        "name": "(anonymous_3)",
        "decl": {
          "start": {
            "line": 54,
            "column": 68
          },
          "end": {
            "line": 54,
            "column": 69
          }
        },
        "loc": {
          "start": {
            "line": 54,
            "column": 125
          },
          "end": {
            "line": 65,
            "column": 1
          }
        },
        "line": 54
      },
      "4": {
        "name": "(anonymous_4)",
        "decl": {
          "start": {
            "line": 68,
            "column": 54
          },
          "end": {
            "line": 68,
            "column": 55
          }
        },
        "loc": {
          "start": {
            "line": 68,
            "column": 94
          },
          "end": {
            "line": 77,
            "column": 1
          }
        },
        "line": 68
      },
      "5": {
        "name": "(anonymous_5)",
        "decl": {
          "start": {
            "line": 79,
            "column": 54
          },
          "end": {
            "line": 79,
            "column": 55
          }
        },
        "loc": {
          "start": {
            "line": 79,
            "column": 111
          },
          "end": {
            "line": 99,
            "column": 1
          }
        },
        "line": 79
      },
      "6": {
        "name": "(anonymous_6)",
        "decl": {
          "start": {
            "line": 101,
            "column": 82
          },
          "end": {
            "line": 101,
            "column": 83
          }
        },
        "loc": {
          "start": {
            "line": 101,
            "column": 140
          },
          "end": {
            "line": 114,
            "column": 1
          }
        },
        "line": 101
      },
      "7": {
        "name": "(anonymous_7)",
        "decl": {
          "start": {
            "line": 116,
            "column": 68
          },
          "end": {
            "line": 116,
            "column": 69
          }
        },
        "loc": {
          "start": {
            "line": 116,
            "column": 125
          },
          "end": {
            "line": 128,
            "column": 1
          }
        },
        "line": 116
      },
      "8": {
        "name": "(anonymous_8)",
        "decl": {
          "start": {
            "line": 137,
            "column": 27
          },
          "end": {
            "line": 137,
            "column": 28
          }
        },
        "loc": {
          "start": {
            "line": 137,
            "column": 46
          },
          "end": {
            "line": 140,
            "column": 9
          }
        },
        "line": 137
      },
      "9": {
        "name": "(anonymous_9)",
        "decl": {
          "start": {
            "line": 141,
            "column": 37
          },
          "end": {
            "line": 141,
            "column": 38
          }
        },
        "loc": {
          "start": {
            "line": 141,
            "column": 56
          },
          "end": {
            "line": 144,
            "column": 9
          }
        },
        "line": 141
      },
      "10": {
        "name": "(anonymous_10)",
        "decl": {
          "start": {
            "line": 145,
            "column": 27
          },
          "end": {
            "line": 145,
            "column": 28
          }
        },
        "loc": {
          "start": {
            "line": 145,
            "column": 46
          },
          "end": {
            "line": 148,
            "column": 9
          }
        },
        "line": 145
      },
      "11": {
        "name": "(anonymous_11)",
        "decl": {
          "start": {
            "line": 149,
            "column": 28
          },
          "end": {
            "line": 149,
            "column": 29
          }
        },
        "loc": {
          "start": {
            "line": 149,
            "column": 47
          },
          "end": {
            "line": 152,
            "column": 9
          }
        },
        "line": 149
      },
      "12": {
        "name": "(anonymous_12)",
        "decl": {
          "start": {
            "line": 159,
            "column": 34
          },
          "end": {
            "line": 159,
            "column": 35
          }
        },
        "loc": {
          "start": {
            "line": 159,
            "column": 45
          },
          "end": {
            "line": 159,
            "column": 84
          }
        },
        "line": 159
      },
      "13": {
        "name": "(anonymous_13)",
        "decl": {
          "start": {
            "line": 160,
            "column": 32
          },
          "end": {
            "line": 160,
            "column": 33
          }
        },
        "loc": {
          "start": {
            "line": 160,
            "column": 43
          },
          "end": {
            "line": 160,
            "column": 76
          }
        },
        "line": 160
      },
      "14": {
        "name": "(anonymous_14)",
        "decl": {
          "start": {
            "line": 161,
            "column": 27
          },
          "end": {
            "line": 161,
            "column": 28
          }
        },
        "loc": {
          "start": {
            "line": 161,
            "column": 38
          },
          "end": {
            "line": 161,
            "column": 54
          }
        },
        "line": 161
      }
    },
    "branchMap": {
      "0": {
        "loc": {
          "start": {
            "line": 21,
            "column": 8
          },
          "end": {
            "line": 23,
            "column": 9
          }
        },
        "type": "if",
        "locations": [
          {
            "start": {
              "line": 21,
              "column": 8
            },
            "end": {
              "line": 23,
              "column": 9
            }
          },
          {
            "start": {
              "line": 21,
              "column": 8
            },
            "end": {
              "line": 23,
              "column": 9
            }
          }
        ],
        "line": 21
      },
      "1": {
        "loc": {
          "start": {
            "line": 34,
            "column": 8
          },
          "end": {
            "line": 36,
            "column": 9
          }
        },
        "type": "if",
        "locations": [
          {
            "start": {
              "line": 34,
              "column": 8
            },
            "end": {
              "line": 36,
              "column": 9
            }
          },
          {
            "start": {
              "line": 34,
              "column": 8
            },
            "end": {
              "line": 36,
              "column": 9
            }
          }
        ],
        "line": 34
      },
      "2": {
        "loc": {
          "start": {
            "line": 47,
            "column": 8
          },
          "end": {
            "line": 49,
            "column": 9
          }
        },
        "type": "if",
        "locations": [
          {
            "start": {
              "line": 47,
              "column": 8
            },
            "end": {
              "line": 49,
              "column": 9
            }
          },
          {
            "start": {
              "line": 47,
              "column": 8
            },
            "end": {
              "line": 49,
              "column": 9
            }
          }
        ],
        "line": 47
      },
      "3": {
        "loc": {
          "start": {
            "line": 60,
            "column": 8
          },
          "end": {
            "line": 62,
            "column": 9
          }
        },
        "type": "if",
        "locations": [
          {
            "start": {
              "line": 60,
              "column": 8
            },
            "end": {
              "line": 62,
              "column": 9
            }
          },
          {
            "start": {
              "line": 60,
              "column": 8
            },
            "end": {
              "line": 62,
              "column": 9
            }
          }
        ],
        "line": 60
      },
      "4": {
        "loc": {
          "start": {
            "line": 84,
            "column": 8
          },
          "end": {
            "line": 89,
            "column": 9
          }
        },
        "type": "if",
        "locations": [
          {
            "start": {
              "line": 84,
              "column": 8
            },
            "end": {
              "line": 89,
              "column": 9
            }
          },
          {
            "start": {
              "line": 84,
              "column": 8
            },
            "end": {
              "line": 89,
              "column": 9
            }
          }
        ],
        "line": 84
      },
      "5": {
        "loc": {
          "start": {
            "line": 93,
            "column": 8
          },
          "end": {
            "line": 95,
            "column": 9
          }
        },
        "type": "if",
        "locations": [
          {
            "start": {
              "line": 93,
              "column": 8
            },
            "end": {
              "line": 95,
              "column": 9
            }
          },
          {
            "start": {
              "line": 93,
              "column": 8
            },
            "end": {
              "line": 95,
              "column": 9
            }
          }
        ],
        "line": 93
      },
      "6": {
        "loc": {
          "start": {
            "line": 108,
            "column": 8
          },
          "end": {
            "line": 110,
            "column": 9
          }
        },
        "type": "if",
        "locations": [
          {
            "start": {
              "line": 108,
              "column": 8
            },
            "end": {
              "line": 110,
              "column": 9
            }
          },
          {
            "start": {
              "line": 108,
              "column": 8
            },
            "end": {
              "line": 110,
              "column": 9
            }
          }
        ],
        "line": 108
      },
      "7": {
        "loc": {
          "start": {
            "line": 123,
            "column": 8
          },
          "end": {
            "line": 125,
            "column": 9
          }
        },
        "type": "if",
        "locations": [
          {
            "start": {
              "line": 123,
              "column": 8
            },
            "end": {
              "line": 125,
              "column": 9
            }
          },
          {
            "start": {
              "line": 123,
              "column": 8
            },
            "end": {
              "line": 125,
              "column": 9
            }
          }
        ],
        "line": 123
      },
      "8": {
        "loc": {
          "start": {
            "line": 160,
            "column": 43
          },
          "end": {
            "line": 160,
            "column": 76
          }
        },
        "type": "cond-expr",
        "locations": [
          {
            "start": {
              "line": 160,
              "column": 64
            },
            "end": {
              "line": 160,
              "column": 68
            }
          },
          {
            "start": {
              "line": 160,
              "column": 71
            },
            "end": {
              "line": 160,
              "column": 76
            }
          }
        ],
        "line": 160
      }
    },
    "s": {
      "0": 1106,
      "1": 1106,
      "2": 352,
      "3": 352,
      "4": 352,
      "5": 340,
      "6": 340,
      "7": 10,
      "8": 6,
      "9": 4,
      "10": 1106,
      "11": 12,
      "12": 12,
      "13": 12,
      "14": 4,
      "15": 8,
      "16": 4,
      "17": 4,
      "18": 1106,
      "19": 0,
      "20": 0,
      "21": 0,
      "22": 0,
      "23": 0,
      "24": 0,
      "25": 0,
      "26": 1106,
      "27": 0,
      "28": 0,
      "29": 0,
      "30": 0,
      "31": 0,
      "32": 0,
      "33": 0,
      "34": 1106,
      "35": 18,
      "36": 18,
      "37": 18,
      "38": 16,
      "39": 16,
      "40": 16,
      "41": 16,
      "42": 16,
      "43": 1106,
      "44": 14,
      "45": 14,
      "46": 14,
      "47": 2,
      "48": 2,
      "49": 2,
      "50": 2,
      "51": 2,
      "52": 10,
      "53": 6,
      "54": 4,
      "55": 1106,
      "56": 16,
      "57": 16,
      "58": 16,
      "59": 10,
      "60": 10,
      "61": 4,
      "62": 4,
      "63": 0,
      "64": 1106,
      "65": 14,
      "66": 14,
      "67": 14,
      "68": 4,
      "69": 4,
      "70": 10,
      "71": 4,
      "72": 6,
      "73": 1106,
      "74": 352,
      "75": 352,
      "76": 0,
      "77": 0,
      "78": 0,
      "79": 0,
      "80": 16,
      "81": 16,
      "82": 1106,
      "83": 21398,
      "84": 1106,
      "85": 13054,
      "86": 1106,
      "87": 0
    },
    "f": {
      "0": 352,
      "1": 12,
      "2": 0,
      "3": 0,
      "4": 18,
      "5": 14,
      "6": 16,
      "7": 14,
      "8": 352,
      "9": 0,
      "10": 0,
      "11": 16,
      "12": 21398,
      "13": 13054,
      "14": 0
    },
    "b": {
      "0": [
        6,
        4
      ],
      "1": [
        4,
        4
      ],
      "2": [
        0,
        0
      ],
      "3": [
        0,
        0
      ],
      "4": [
        2,
        0
      ],
      "5": [
        6,
        4
      ],
      "6": [
        4,
        0
      ],
      "7": [
        4,
        6
      ],
      "8": [
        9516,
        3538
      ]
    },
    "_coverageSchema": "1a1c01bbd47fc00a2c39e90264f33305004495a9",
    "hash": "ff89ba56944160c5e2725391a20d926df9a0980e"
  },
  "/Users/chris/Developer/projects/routineops/routineops-frontend/src/components/MobileHeader.js": {
    "path": "/Users/chris/Developer/projects/routineops/routineops-frontend/src/components/MobileHeader.js",
    "statementMap": {
      "0": {
        "start": {
          "line": 7,
          "column": 21
        },
        "end": {
          "line": 53,
          "column": 1
        }
      },
      "1": {
        "start": {
          "line": 9,
          "column": 21
        },
        "end": {
          "line": 9,
          "column": 34
        }
      },
      "2": {
        "start": {
          "line": 11,
          "column": 4
        },
        "end": {
          "line": 52,
          "column": 5
        }
      },
      "3": {
        "start": {
          "line": 31,
          "column": 39
        },
        "end": {
          "line": 31,
          "column": 63
        }
      }
    },
    "fnMap": {
      "0": {
        "name": "(anonymous_0)",
        "decl": {
          "start": {
            "line": 7,
            "column": 21
          },
          "end": {
            "line": 7,
            "column": 22
          }
        },
        "loc": {
          "start": {
            "line": 7,
            "column": 53
          },
          "end": {
            "line": 53,
            "column": 1
          }
        },
        "line": 7
      },
      "1": {
        "name": "(anonymous_1)",
        "decl": {
          "start": {
            "line": 31,
            "column": 33
          },
          "end": {
            "line": 31,
            "column": 34
          }
        },
        "loc": {
          "start": {
            "line": 31,
            "column": 39
          },
          "end": {
            "line": 31,
            "column": 63
          }
        },
        "line": 31
      }
    },
    "branchMap": {
      "0": {
        "loc": {
          "start": {
            "line": 27,
            "column": 14
          },
          "end": {
            "line": 36,
            "column": 22
          }
        },
        "type": "binary-expr",
        "locations": [
          {
            "start": {
              "line": 27,
              "column": 14
            },
            "end": {
              "line": 27,
              "column": 22
            }
          },
          {
            "start": {
              "line": 28,
              "column": 16
            },
            "end": {
              "line": 36,
              "column": 22
            }
          }
        ],
        "line": 27
      },
      "1": {
        "loc": {
          "start": {
            "line": 43,
            "column": 14
          },
          "end": {
            "line": 46,
            "column": 22
          }
        },
        "type": "binary-expr",
        "locations": [
          {
            "start": {
              "line": 43,
              "column": 14
            },
            "end": {
              "line": 43,
              "column": 20
            }
          },
          {
            "start": {
              "line": 44,
              "column": 16
            },
            "end": {
              "line": 46,
              "column": 22
            }
          }
        ],
        "line": 43
      }
    },
    "s": {
      "0": 1104,
      "1": 7414,
      "2": 7414,
      "3": 34
    },
    "f": {
      "0": 7414,
      "1": 34
    },
    "b": {
      "0": [
        7414,
        6226
      ],
      "1": [
        7414,
        3754
      ]
    },
    "_coverageSchema": "1a1c01bbd47fc00a2c39e90264f33305004495a9",
    "hash": "096ad16eb6d1d5f39e3a62a808452cb1f51bc246"
  },
  "/Users/chris/Developer/projects/routineops/routineops-frontend/src/components/Page.js": {
    "path": "/Users/chris/Developer/projects/routineops/routineops-frontend/src/components/Page.js",
    "statementMap": {
      "0": {
        "start": {
          "line": 8,
          "column": 13
        },
        "end": {
          "line": 73,
          "column": 1
        }
      },
      "1": {
        "start": {
          "line": 10,
          "column": 19
        },
        "end": {
          "line": 10,
          "column": 32
        }
      },
      "2": {
        "start": {
          "line": 12,
          "column": 2
        },
        "end": {
          "line": 15,
          "column": 14
        }
      },
      "3": {
        "start": {
          "line": 13,
          "column": 4
        },
        "end": {
          "line": 13,
          "column": 27
        }
      },
      "4": {
        "start": {
          "line": 14,
          "column": 4
        },
        "end": {
          "line": 14,
          "column": 33
        }
      },
      "5": {
        "start": {
          "line": 17,
          "column": 2
        },
        "end": {
          "line": 17,
          "column": 49
        }
      },
      "6": {
        "start": {
          "line": 19,
          "column": 2
        },
        "end": {
          "line": 72,
          "column": 3
        }
      },
      "7": {
        "start": {
          "line": 23,
          "column": 10
        },
        "end": {
          "line": 66,
          "column": 11
        }
      },
      "8": {
        "start": {
          "line": 25,
          "column": 14
        },
        "end": {
          "line": 33,
          "column": 15
        }
      },
      "9": {
        "start": {
          "line": 35,
          "column": 14
        },
        "end": {
          "line": 65,
          "column": 15
        }
      },
      "10": {
        "start": {
          "line": 52,
          "column": 41
        },
        "end": {
          "line": 52,
          "column": 65
        }
      }
    },
    "fnMap": {
      "0": {
        "name": "(anonymous_0)",
        "decl": {
          "start": {
            "line": 8,
            "column": 13
          },
          "end": {
            "line": 8,
            "column": 14
          }
        },
        "loc": {
          "start": {
            "line": 8,
            "column": 61
          },
          "end": {
            "line": 73,
            "column": 1
          }
        },
        "line": 8
      },
      "1": {
        "name": "(anonymous_1)",
        "decl": {
          "start": {
            "line": 12,
            "column": 12
          },
          "end": {
            "line": 12,
            "column": 13
          }
        },
        "loc": {
          "start": {
            "line": 12,
            "column": 18
          },
          "end": {
            "line": 15,
            "column": 3
          }
        },
        "line": 12
      },
      "2": {
        "name": "(anonymous_2)",
        "decl": {
          "start": {
            "line": 22,
            "column": 8
          },
          "end": {
            "line": 22,
            "column": 9
          }
        },
        "loc": {
          "start": {
            "line": 22,
            "column": 16
          },
          "end": {
            "line": 67,
            "column": 9
          }
        },
        "line": 22
      },
      "3": {
        "name": "(anonymous_3)",
        "decl": {
          "start": {
            "line": 52,
            "column": 35
          },
          "end": {
            "line": 52,
            "column": 36
          }
        },
        "loc": {
          "start": {
            "line": 52,
            "column": 41
          },
          "end": {
            "line": 52,
            "column": 65
          }
        },
        "line": 52
      }
    },
    "branchMap": {
      "0": {
        "loc": {
          "start": {
            "line": 23,
            "column": 10
          },
          "end": {
            "line": 66,
            "column": 11
          }
        },
        "type": "switch",
        "locations": [
          {
            "start": {
              "line": 24,
              "column": 12
            },
            "end": {
              "line": 33,
              "column": 15
            }
          },
          {
            "start": {
              "line": 34,
              "column": 12
            },
            "end": {
              "line": 65,
              "column": 15
            }
          }
        ],
        "line": 23
      },
      "1": {
        "loc": {
          "start": {
            "line": 28,
            "column": 28
          },
          "end": {
            "line": 28,
            "column": 41
          }
        },
        "type": "binary-expr",
        "locations": [
          {
            "start": {
              "line": 28,
              "column": 28
            },
            "end": {
              "line": 28,
              "column": 31
            }
          },
          {
            "start": {
              "line": 28,
              "column": 35
            },
            "end": {
              "line": 28,
              "column": 41
            }
          }
        ],
        "line": 28
      },
      "2": {
        "loc": {
          "start": {
            "line": 46,
            "column": 26
          },
          "end": {
            "line": 56,
            "column": 30
          }
        },
        "type": "binary-expr",
        "locations": [
          {
            "start": {
              "line": 46,
              "column": 26
            },
            "end": {
              "line": 46,
              "column": 34
            }
          },
          {
            "start": {
              "line": 47,
              "column": 24
            },
            "end": {
              "line": 56,
              "column": 30
            }
          }
        ],
        "line": 46
      },
      "3": {
        "loc": {
          "start": {
            "line": 60,
            "column": 24
          },
          "end": {
            "line": 60,
            "column": 81
          }
        },
        "type": "binary-expr",
        "locations": [
          {
            "start": {
              "line": 60,
              "column": 24
            },
            "end": {
              "line": 60,
              "column": 30
            }
          },
          {
            "start": {
              "line": 60,
              "column": 34
            },
            "end": {
              "line": 60,
              "column": 81
            }
          }
        ],
        "line": 60
      }
    },
    "s": {
      "0": 1104,
      "1": 15722,
      "2": 15722,
      "3": 1074,
      "4": 1074,
      "5": 15722,
      "6": 15722,
      "7": 8237,
      "8": 7414,
      "9": 823,
      "10": 0
    },
    "f": {
      "0": 15722,
      "1": 1074,
      "2": 8237,
      "3": 0
    },
    "b": {
      "0": [
        7414,
        823
      ],
      "1": [
        7414,
        4046
      ],
      "2": [
        823,
        470
      ],
      "3": [
        823,
        340
      ]
    },
    "_coverageSchema": "1a1c01bbd47fc00a2c39e90264f33305004495a9",
    "hash": "da516180da69fc98e97197c6f37d7ee03a3119ec"
  },
  "/Users/chris/Developer/projects/routineops/routineops-frontend/src/components/NotFound.js": {
    "path": "/Users/chris/Developer/projects/routineops/routineops-frontend/src/components/NotFound.js",
    "statementMap": {
      "0": {
        "start": {
          "line": 6,
          "column": 17
        },
        "end": {
          "line": 13,
          "column": 1
        }
      },
      "1": {
        "start": {
          "line": 7,
          "column": 2
        },
        "end": {
          "line": 12,
          "column": 3
        }
      }
    },
    "fnMap": {
      "0": {
        "name": "(anonymous_0)",
        "decl": {
          "start": {
            "line": 6,
            "column": 17
          },
          "end": {
            "line": 6,
            "column": 18
          }
        },
        "loc": {
          "start": {
            "line": 6,
            "column": 36
          },
          "end": {
            "line": 13,
            "column": 1
          }
        },
        "line": 6
      }
    },
    "branchMap": {},
    "s": {
      "0": 1104,
      "1": 10
    },
    "f": {
      "0": 10
    },
    "b": {},
    "_coverageSchema": "1a1c01bbd47fc00a2c39e90264f33305004495a9",
    "hash": "8053312b2196af1614083237b3a92dad81dd3649"
  },
  "/Users/chris/Developer/projects/routineops/routineops-frontend/src/components/Description.js": {
    "path": "/Users/chris/Developer/projects/routineops/routineops-frontend/src/components/Description.js",
    "statementMap": {
      "0": {
        "start": {
          "line": 4,
          "column": 20
        },
        "end": {
          "line": 17,
          "column": 1
        }
      },
      "1": {
        "start": {
          "line": 6,
          "column": 4
        },
        "end": {
          "line": 16,
          "column": 5
        }
      }
    },
    "fnMap": {
      "0": {
        "name": "(anonymous_0)",
        "decl": {
          "start": {
            "line": 4,
            "column": 20
          },
          "end": {
            "line": 4,
            "column": 21
          }
        },
        "loc": {
          "start": {
            "line": 4,
            "column": 52
          },
          "end": {
            "line": 17,
            "column": 1
          }
        },
        "line": 4
      }
    },
    "branchMap": {
      "0": {
        "loc": {
          "start": {
            "line": 13,
            "column": 24
          },
          "end": {
            "line": 13,
            "column": 40
          }
        },
        "type": "binary-expr",
        "locations": [
          {
            "start": {
              "line": 13,
              "column": 24
            },
            "end": {
              "line": 13,
              "column": 28
            }
          },
          {
            "start": {
              "line": 13,
              "column": 32
            },
            "end": {
              "line": 13,
              "column": 40
            }
          }
        ],
        "line": 13
      },
      "1": {
        "loc": {
          "start": {
            "line": 14,
            "column": 55
          },
          "end": {
            "line": 14,
            "column": 71
          }
        },
        "type": "binary-expr",
        "locations": [
          {
            "start": {
              "line": 14,
              "column": 55
            },
            "end": {
              "line": 14,
              "column": 59
            }
          },
          {
            "start": {
              "line": 14,
              "column": 63
            },
            "end": {
              "line": 14,
              "column": 71
            }
          }
        ],
        "line": 14
      }
    },
    "s": {
      "0": 1104,
      "1": 224
    },
    "f": {
      "0": 224
    },
    "b": {
      "0": [
        224,
        224
      ],
      "1": [
        224,
        224
      ]
    },
    "_coverageSchema": "1a1c01bbd47fc00a2c39e90264f33305004495a9",
    "hash": "1799bd136d10a6f9076b03c2c303c86500776262"
  },
  "/Users/chris/Developer/projects/routineops/routineops-frontend/src/components/EditDescription.js": {
    "path": "/Users/chris/Developer/projects/routineops/routineops-frontend/src/components/EditDescription.js",
    "statementMap": {
      "0": {
        "start": {
          "line": 5,
          "column": 24
        },
        "end": {
          "line": 44,
          "column": 1
        }
      },
      "1": {
        "start": {
          "line": 8,
          "column": 4
        },
        "end": {
          "line": 12,
          "column": 5
        }
      },
      "2": {
        "start": {
          "line": 9,
          "column": 8
        },
        "end": {
          "line": 9,
          "column": 103
        }
      },
      "3": {
        "start": {
          "line": 11,
          "column": 8
        },
        "end": {
          "line": 11,
          "column": 17
        }
      },
      "4": {
        "start": {
          "line": 14,
          "column": 21
        },
        "end": {
          "line": 14,
          "column": 61
        }
      },
      "5": {
        "start": {
          "line": 16,
          "column": 4
        },
        "end": {
          "line": 43,
          "column": 5
        }
      }
    },
    "fnMap": {
      "0": {
        "name": "(anonymous_0)",
        "decl": {
          "start": {
            "line": 5,
            "column": 24
          },
          "end": {
            "line": 5,
            "column": 25
          }
        },
        "loc": {
          "start": {
            "line": 5,
            "column": 95
          },
          "end": {
            "line": 44,
            "column": 1
          }
        },
        "line": 5
      }
    },
    "branchMap": {
      "0": {
        "loc": {
          "start": {
            "line": 8,
            "column": 4
          },
          "end": {
            "line": 12,
            "column": 5
          }
        },
        "type": "if",
        "locations": [
          {
            "start": {
              "line": 8,
              "column": 4
            },
            "end": {
              "line": 12,
              "column": 5
            }
          },
          {
            "start": {
              "line": 8,
              "column": 4
            },
            "end": {
              "line": 12,
              "column": 5
            }
          }
        ],
        "line": 8
      },
      "1": {
        "loc": {
          "start": {
            "line": 9,
            "column": 15
          },
          "end": {
            "line": 9,
            "column": 103
          }
        },
        "type": "cond-expr",
        "locations": [
          {
            "start": {
              "line": 9,
              "column": 26
            },
            "end": {
              "line": 9,
              "column": 58
            }
          },
          {
            "start": {
              "line": 9,
              "column": 61
            },
            "end": {
              "line": 9,
              "column": 103
            }
          }
        ],
        "line": 9
      },
      "2": {
        "loc": {
          "start": {
            "line": 14,
            "column": 21
          },
          "end": {
            "line": 14,
            "column": 61
          }
        },
        "type": "cond-expr",
        "locations": [
          {
            "start": {
              "line": 14,
              "column": 35
            },
            "end": {
              "line": 14,
              "column": 47
            }
          },
          {
            "start": {
              "line": 14,
              "column": 50
            },
            "end": {
              "line": 14,
              "column": 61
            }
          }
        ],
        "line": 14
      },
      "3": {
        "loc": {
          "start": {
            "line": 23,
            "column": 24
          },
          "end": {
            "line": 23,
            "column": 40
          }
        },
        "type": "binary-expr",
        "locations": [
          {
            "start": {
              "line": 23,
              "column": 24
            },
            "end": {
              "line": 23,
              "column": 28
            }
          },
          {
            "start": {
              "line": 23,
              "column": 32
            },
            "end": {
              "line": 23,
              "column": 40
            }
          }
        ],
        "line": 23
      }
    },
    "s": {
      "0": 1104,
      "1": 1464,
      "2": 8,
      "3": 1456,
      "4": 1464,
      "5": 1464
    },
    "f": {
      "0": 1464
    },
    "b": {
      "0": [
        8,
        1456
      ],
      "1": [
        8,
        0
      ],
      "2": [
        1248,
        216
      ],
      "3": [
        1464,
        984
      ]
    },
    "_coverageSchema": "1a1c01bbd47fc00a2c39e90264f33305004495a9",
    "hash": "cc8867e88de847228da91f39a62fcbc94e030d21"
  },
  "/Users/chris/Developer/projects/routineops/routineops-frontend/src/components/CancelButton.js": {
    "path": "/Users/chris/Developer/projects/routineops/routineops-frontend/src/components/CancelButton.js",
    "statementMap": {
      "0": {
        "start": {
          "line": 5,
          "column": 21
        },
        "end": {
          "line": 12,
          "column": 1
        }
      },
      "1": {
        "start": {
          "line": 7,
          "column": 4
        },
        "end": {
          "line": 11,
          "column": 5
        }
      }
    },
    "fnMap": {
      "0": {
        "name": "(anonymous_0)",
        "decl": {
          "start": {
            "line": 5,
            "column": 21
          },
          "end": {
            "line": 5,
            "column": 22
          }
        },
        "loc": {
          "start": {
            "line": 5,
            "column": 43
          },
          "end": {
            "line": 12,
            "column": 1
          }
        },
        "line": 5
      }
    },
    "branchMap": {
      "0": {
        "loc": {
          "start": {
            "line": 9,
            "column": 19
          },
          "end": {
            "line": 9,
            "column": 36
          }
        },
        "type": "binary-expr",
        "locations": [
          {
            "start": {
              "line": 9,
              "column": 19
            },
            "end": {
              "line": 9,
              "column": 24
            }
          },
          {
            "start": {
              "line": 9,
              "column": 28
            },
            "end": {
              "line": 9,
              "column": 36
            }
          }
        ],
        "line": 9
      }
    },
    "s": {
      "0": 1104,
      "1": 884
    },
    "f": {
      "0": 884
    },
    "b": {
      "0": [
        884,
        784
      ]
    },
    "_coverageSchema": "1a1c01bbd47fc00a2c39e90264f33305004495a9",
    "hash": "3d3ebaebb8ff69a2936e15fd7583557710d9e2d3"
  },
  "/Users/chris/Developer/projects/routineops/routineops-frontend/src/components/Error.js": {
    "path": "/Users/chris/Developer/projects/routineops/routineops-frontend/src/components/Error.js",
    "statementMap": {
      "0": {
        "start": {
          "line": 5,
          "column": 14
        },
        "end": {
          "line": 23,
          "column": 1
        }
      },
      "1": {
        "start": {
          "line": 7,
          "column": 2
        },
        "end": {
          "line": 20,
          "column": 3
        }
      },
      "2": {
        "start": {
          "line": 8,
          "column": 4
        },
        "end": {
          "line": 17,
          "column": 5
        }
      },
      "3": {
        "start": {
          "line": 19,
          "column": 4
        },
        "end": {
          "line": 19,
          "column": 16
        }
      }
    },
    "fnMap": {
      "0": {
        "name": "(anonymous_0)",
        "decl": {
          "start": {
            "line": 5,
            "column": 14
          },
          "end": {
            "line": 5,
            "column": 15
          }
        },
        "loc": {
          "start": {
            "line": 5,
            "column": 31
          },
          "end": {
            "line": 23,
            "column": 1
          }
        },
        "line": 5
      }
    },
    "branchMap": {
      "0": {
        "loc": {
          "start": {
            "line": 7,
            "column": 2
          },
          "end": {
            "line": 20,
            "column": 3
          }
        },
        "type": "if",
        "locations": [
          {
            "start": {
              "line": 7,
              "column": 2
            },
            "end": {
              "line": 20,
              "column": 3
            }
          },
          {
            "start": {
              "line": 7,
              "column": 2
            },
            "end": {
              "line": 20,
              "column": 3
            }
          }
        ],
        "line": 7
      }
    },
    "s": {
      "0": 1104,
      "1": 7873,
      "2": 134,
      "3": 7739
    },
    "f": {
      "0": 7873
    },
    "b": {
      "0": [
        134,
        7739
      ]
    },
    "_coverageSchema": "1a1c01bbd47fc00a2c39e90264f33305004495a9",
    "hash": "9f201053d5e8f65cd90c210f35d5c062427d1642"
  },
  "/Users/chris/Developer/projects/routineops/routineops-frontend/src/components/Modal.js": {
    "path": "/Users/chris/Developer/projects/routineops/routineops-frontend/src/components/Modal.js",
    "statementMap": {
      "0": {
        "start": {
          "line": 6,
          "column": 14
        },
        "end": {
          "line": 53,
          "column": 1
        }
      },
      "1": {
        "start": {
          "line": 7,
          "column": 4
        },
        "end": {
          "line": 52,
          "column": 5
        }
      }
    },
    "fnMap": {
      "0": {
        "name": "(anonymous_0)",
        "decl": {
          "start": {
            "line": 6,
            "column": 14
          },
          "end": {
            "line": 6,
            "column": 15
          }
        },
        "loc": {
          "start": {
            "line": 6,
            "column": 44
          },
          "end": {
            "line": 53,
            "column": 1
          }
        },
        "line": 6
      }
    },
    "branchMap": {},
    "s": {
      "0": 1104,
      "1": 1036
    },
    "f": {
      "0": 1036
    },
    "b": {},
    "_coverageSchema": "1a1c01bbd47fc00a2c39e90264f33305004495a9",
    "hash": "4e4095418d2fa6422130cc6f2206f096c82fd66d"
  },
  "/Users/chris/Developer/projects/routineops/routineops-frontend/src/components/PasswordField.js": {
    "path": "/Users/chris/Developer/projects/routineops/routineops-frontend/src/components/PasswordField.js",
    "statementMap": {
      "0": {
        "start": {
          "line": 4,
          "column": 22
        },
        "end": {
          "line": 32,
          "column": 1
        }
      },
      "1": {
        "start": {
          "line": 6,
          "column": 21
        },
        "end": {
          "line": 6,
          "column": 49
        }
      },
      "2": {
        "start": {
          "line": 7,
          "column": 20
        },
        "end": {
          "line": 7,
          "column": 46
        }
      },
      "3": {
        "start": {
          "line": 9,
          "column": 27
        },
        "end": {
          "line": 19,
          "column": 3
        }
      },
      "4": {
        "start": {
          "line": 10,
          "column": 4
        },
        "end": {
          "line": 10,
          "column": 39
        }
      },
      "5": {
        "start": {
          "line": 10,
          "column": 28
        },
        "end": {
          "line": 10,
          "column": 39
        }
      },
      "6": {
        "start": {
          "line": 11,
          "column": 4
        },
        "end": {
          "line": 18,
          "column": 5
        }
      },
      "7": {
        "start": {
          "line": 12,
          "column": 6
        },
        "end": {
          "line": 12,
          "column": 17
        }
      },
      "8": {
        "start": {
          "line": 14,
          "column": 6
        },
        "end": {
          "line": 17,
          "column": 7
        }
      },
      "9": {
        "start": {
          "line": 21,
          "column": 2
        },
        "end": {
          "line": 31,
          "column": 3
        }
      }
    },
    "fnMap": {
      "0": {
        "name": "(anonymous_0)",
        "decl": {
          "start": {
            "line": 4,
            "column": 22
          },
          "end": {
            "line": 4,
            "column": 23
          }
        },
        "loc": {
          "start": {
            "line": 4,
            "column": 73
          },
          "end": {
            "line": 32,
            "column": 1
          }
        },
        "line": 4
      },
      "1": {
        "name": "(anonymous_1)",
        "decl": {
          "start": {
            "line": 9,
            "column": 27
          },
          "end": {
            "line": 9,
            "column": 28
          }
        },
        "loc": {
          "start": {
            "line": 9,
            "column": 49
          },
          "end": {
            "line": 19,
            "column": 3
          }
        },
        "line": 9
      }
    },
    "branchMap": {
      "0": {
        "loc": {
          "start": {
            "line": 6,
            "column": 21
          },
          "end": {
            "line": 6,
            "column": 49
          }
        },
        "type": "cond-expr",
        "locations": [
          {
            "start": {
              "line": 6,
              "column": 31
            },
            "end": {
              "line": 6,
              "column": 36
            }
          },
          {
            "start": {
              "line": 6,
              "column": 39
            },
            "end": {
              "line": 6,
              "column": 49
            }
          }
        ],
        "line": 6
      },
      "1": {
        "loc": {
          "start": {
            "line": 7,
            "column": 20
          },
          "end": {
            "line": 7,
            "column": 46
          }
        },
        "type": "cond-expr",
        "locations": [
          {
            "start": {
              "line": 7,
              "column": 29
            },
            "end": {
              "line": 7,
              "column": 33
            }
          },
          {
            "start": {
              "line": 7,
              "column": 36
            },
            "end": {
              "line": 7,
              "column": 46
            }
          }
        ],
        "line": 7
      },
      "2": {
        "loc": {
          "start": {
            "line": 10,
            "column": 4
          },
          "end": {
            "line": 10,
            "column": 39
          }
        },
        "type": "if",
        "locations": [
          {
            "start": {
              "line": 10,
              "column": 4
            },
            "end": {
              "line": 10,
              "column": 39
            }
          },
          {
            "start": {
              "line": 10,
              "column": 4
            },
            "end": {
              "line": 10,
              "column": 39
            }
          }
        ],
        "line": 10
      },
      "3": {
        "loc": {
          "start": {
            "line": 11,
            "column": 4
          },
          "end": {
            "line": 18,
            "column": 5
          }
        },
        "type": "if",
        "locations": [
          {
            "start": {
              "line": 11,
              "column": 4
            },
            "end": {
              "line": 18,
              "column": 5
            }
          },
          {
            "start": {
              "line": 11,
              "column": 4
            },
            "end": {
              "line": 18,
              "column": 5
            }
          }
        ],
        "line": 11
      }
    },
    "s": {
      "0": 1104,
      "1": 3048,
      "2": 3048,
      "3": 3048,
      "4": 150,
      "5": 66,
      "6": 84,
      "7": 68,
      "8": 16,
      "9": 3048
    },
    "f": {
      "0": 3048,
      "1": 150
    },
    "b": {
      "0": [
        2980,
        68
      ],
      "1": [
        2980,
        68
      ],
      "2": [
        66,
        84
      ],
      "3": [
        68,
        16
      ]
    },
    "_coverageSchema": "1a1c01bbd47fc00a2c39e90264f33305004495a9",
    "hash": "349ba43ac9edf6e6e52e24d5bef81f2905f923df"
  },
  "/Users/chris/Developer/projects/routineops/routineops-frontend/src/components/Spinner.js": {
    "path": "/Users/chris/Developer/projects/routineops/routineops-frontend/src/components/Spinner.js",
    "statementMap": {
      "0": {
        "start": {
          "line": 6,
          "column": 16
        },
        "end": {
          "line": 24,
          "column": 1
        }
      },
      "1": {
        "start": {
          "line": 7,
          "column": 2
        },
        "end": {
          "line": 13,
          "column": 3
        }
      },
      "2": {
        "start": {
          "line": 8,
          "column": 4
        },
        "end": {
          "line": 12,
          "column": 5
        }
      },
      "3": {
        "start": {
          "line": 15,
          "column": 2
        },
        "end": {
          "line": 21,
          "column": 3
        }
      },
      "4": {
        "start": {
          "line": 16,
          "column": 4
        },
        "end": {
          "line": 20,
          "column": 5
        }
      },
      "5": {
        "start": {
          "line": 22,
          "column": 2
        },
        "end": {
          "line": 22,
          "column": 13
        }
      }
    },
    "fnMap": {
      "0": {
        "name": "(anonymous_0)",
        "decl": {
          "start": {
            "line": 6,
            "column": 16
          },
          "end": {
            "line": 6,
            "column": 17
          }
        },
        "loc": {
          "start": {
            "line": 6,
            "column": 59
          },
          "end": {
            "line": 24,
            "column": 1
          }
        },
        "line": 6
      }
    },
    "branchMap": {
      "0": {
        "loc": {
          "start": {
            "line": 7,
            "column": 2
          },
          "end": {
            "line": 13,
            "column": 3
          }
        },
        "type": "if",
        "locations": [
          {
            "start": {
              "line": 7,
              "column": 2
            },
            "end": {
              "line": 13,
              "column": 3
            }
          },
          {
            "start": {
              "line": 7,
              "column": 2
            },
            "end": {
              "line": 13,
              "column": 3
            }
          }
        ],
        "line": 7
      },
      "1": {
        "loc": {
          "start": {
            "line": 9,
            "column": 55
          },
          "end": {
            "line": 9,
            "column": 68
          }
        },
        "type": "binary-expr",
        "locations": [
          {
            "start": {
              "line": 9,
              "column": 55
            },
            "end": {
              "line": 9,
              "column": 58
            }
          },
          {
            "start": {
              "line": 9,
              "column": 62
            },
            "end": {
              "line": 9,
              "column": 68
            }
          }
        ],
        "line": 9
      },
      "2": {
        "loc": {
          "start": {
            "line": 10,
            "column": 40
          },
          "end": {
            "line": 10,
            "column": 56
          }
        },
        "type": "binary-expr",
        "locations": [
          {
            "start": {
              "line": 10,
              "column": 40
            },
            "end": {
              "line": 10,
              "column": 44
            }
          },
          {
            "start": {
              "line": 10,
              "column": 48
            },
            "end": {
              "line": 10,
              "column": 56
            }
          }
        ],
        "line": 10
      },
      "3": {
        "loc": {
          "start": {
            "line": 15,
            "column": 2
          },
          "end": {
            "line": 21,
            "column": 3
          }
        },
        "type": "if",
        "locations": [
          {
            "start": {
              "line": 15,
              "column": 2
            },
            "end": {
              "line": 21,
              "column": 3
            }
          },
          {
            "start": {
              "line": 15,
              "column": 2
            },
            "end": {
              "line": 21,
              "column": 3
            }
          }
        ],
        "line": 15
      }
    },
    "s": {
      "0": 1104,
      "1": 13346,
      "2": 462,
      "3": 12884,
      "4": 0,
      "5": 12884
    },
    "f": {
      "0": 13346
    },
    "b": {
      "0": [
        462,
        12884
      ],
      "1": [
        462,
        308
      ],
      "2": [
        462,
        288
      ],
      "3": [
        0,
        12884
      ]
    },
    "_coverageSchema": "1a1c01bbd47fc00a2c39e90264f33305004495a9",
    "hash": "1de8482a5f3d959c39c07df9fd2828cfbf3950e6"
  },
  "/Users/chris/Developer/projects/routineops/routineops-frontend/src/components/SubmitButton.js": {
    "path": "/Users/chris/Developer/projects/routineops/routineops-frontend/src/components/SubmitButton.js",
    "statementMap": {
      "0": {
        "start": {
          "line": 5,
          "column": 21
        },
        "end": {
          "line": 23,
          "column": 1
        }
      },
      "1": {
        "start": {
          "line": 7,
          "column": 4
        },
        "end": {
          "line": 9,
          "column": 5
        }
      },
      "2": {
        "start": {
          "line": 8,
          "column": 8
        },
        "end": {
          "line": 8,
          "column": 24
        }
      },
      "3": {
        "start": {
          "line": 11,
          "column": 4
        },
        "end": {
          "line": 22,
          "column": 5
        }
      }
    },
    "fnMap": {
      "0": {
        "name": "(anonymous_0)",
        "decl": {
          "start": {
            "line": 5,
            "column": 21
          },
          "end": {
            "line": 5,
            "column": 22
          }
        },
        "loc": {
          "start": {
            "line": 5,
            "column": 86
          },
          "end": {
            "line": 23,
            "column": 1
          }
        },
        "line": 5
      }
    },
    "branchMap": {
      "0": {
        "loc": {
          "start": {
            "line": 7,
            "column": 4
          },
          "end": {
            "line": 9,
            "column": 5
          }
        },
        "type": "if",
        "locations": [
          {
            "start": {
              "line": 7,
              "column": 4
            },
            "end": {
              "line": 9,
              "column": 5
            }
          },
          {
            "start": {
              "line": 7,
              "column": 4
            },
            "end": {
              "line": 9,
[...]
          "end": {
            "line": 21,
            "column": 3
          }
        },
        "type": "if",
        "locations": [
          {
            "start": {
              "line": 17,
              "column": 2
            },
            "end": {
              "line": 21,
              "column": 3
            }
          },
          {
            "start": {
              "line": 17,
              "column": 2
            },
            "end": {
              "line": 21,
              "column": 3
            }
          }
        ],
        "line": 17
      },
      "1": {
        "loc": {
          "start": {
            "line": 24,
            "column": 57
          },
          "end": {
            "line": 24,
            "column": 84
          }
        },
        "type": "cond-expr",
        "locations": [
          {
            "start": {
              "line": 24,
              "column": 68
            },
            "end": {
              "line": 24,
              "column": 74
            }
          },
          {
            "start": {
              "line": 24,
              "column": 77
            },
            "end": {
              "line": 24,
              "column": 84
            }
          }
        ],
        "line": 24
      }
    },
    "s": {
      "0": 1104,
      "1": 3968,
      "2": 3968,
      "3": 3968,
      "4": 13054,
      "5": 3968,
      "6": 2184,
      "7": 1784,
      "8": 3968
    },
    "f": {
      "0": 3968,
      "1": 13054
    },
    "b": {
      "0": [
        2184,
        1784
      ],
      "1": [
        8,
        3960
      ]
    },
    "_coverageSchema": "1a1c01bbd47fc00a2c39e90264f33305004495a9",
    "hash": "64dbcb0cf378e951a2770cb68a8c20272e09b24c"
  },
  "/Users/chris/Developer/projects/routineops/routineops-frontend/src/localStorage.js": {
    "path": "/Users/chris/Developer/projects/routineops/routineops-frontend/src/localStorage.js",
    "statementMap": {
      "0": {
        "start": {
          "line": 1,
          "column": 25
        },
        "end": {
          "line": 11,
          "column": 1
        }
      },
      "1": {
        "start": {
          "line": 2,
          "column": 4
        },
        "end": {
          "line": 10,
          "column": 5
        }
      },
      "2": {
        "start": {
          "line": 3,
          "column": 30
        },
        "end": {
          "line": 3,
          "column": 69
        }
      },
      "3": {
        "start": {
          "line": 4,
          "column": 6
        },
        "end": {
          "line": 6,
          "column": 7
        }
      },
      "4": {
        "start": {
          "line": 5,
          "column": 8
        },
        "end": {
          "line": 5,
          "column": 25
        }
      },
      "5": {
        "start": {
          "line": 7,
          "column": 6
        },
        "end": {
          "line": 7,
          "column": 41
        }
      },
      "6": {
        "start": {
          "line": 13,
          "column": 25
        },
        "end": {
          "line": 20,
          "column": 1
        }
      },
      "7": {
        "start": {
          "line": 14,
          "column": 4
        },
        "end": {
          "line": 19,
          "column": 4
        }
      },
      "8": {
        "start": {
          "line": 15,
          "column": 30
        },
        "end": {
          "line": 15,
          "column": 51
        }
      },
      "9": {
        "start": {
          "line": 16,
          "column": 6
        },
        "end": {
          "line": 16,
          "column": 63
        }
      }
    },
    "fnMap": {
      "0": {
        "name": "(anonymous_0)",
        "decl": {
          "start": {
            "line": 1,
            "column": 25
          },
          "end": {
            "line": 1,
            "column": 26
          }
        },
        "loc": {
          "start": {
            "line": 1,
            "column": 31
          },
          "end": {
            "line": 11,
            "column": 1
          }
        },
        "line": 1
      },
      "1": {
        "name": "(anonymous_1)",
        "decl": {
          "start": {
            "line": 13,
            "column": 25
          },
          "end": {
            "line": 13,
            "column": 26
          }
        },
        "loc": {
          "start": {
            "line": 13,
            "column": 36
          },
          "end": {
            "line": 20,
            "column": 1
          }
        },
        "line": 13
      }
    },
    "branchMap": {
      "0": {
        "loc": {
          "start": {
            "line": 4,
            "column": 6
          },
          "end": {
            "line": 6,
            "column": 7
          }
        },
        "type": "if",
        "locations": [
          {
            "start": {
              "line": 4,
              "column": 6
            },
            "end": {
              "line": 6,
              "column": 7
            }
          },
          {
            "start": {
              "line": 4,
              "column": 6
            },
            "end": {
              "line": 6,
              "column": 7
            }
          }
        ],
        "line": 4
      }
    },
    "s": {
      "0": 1104,
      "1": 1104,
      "2": 1104,
      "3": 1104,
      "4": 476,
      "5": 628,
      "6": 1104,
      "7": 10210,
      "8": 10210,
      "9": 10210
    },
    "f": {
      "0": 1104,
      "1": 10210
    },
    "b": {
      "0": [
        476,
        628
      ]
    },
    "_coverageSchema": "1a1c01bbd47fc00a2c39e90264f33305004495a9",
    "hash": "5655fb65f71a4482b26dcd4fdb4b609f9fbfd9fd"
  },
  "/Users/chris/Developer/projects/routineops/routineops-frontend/src/rootReducer.js": {
    "path": "/Users/chris/Developer/projects/routineops/routineops-frontend/src/rootReducer.js",
    "statementMap": {
      "0": {
        "start": {
          "line": 17,
          "column": 26
        },
        "end": {
          "line": 32,
          "column": 2
        }
      },
      "1": {
        "start": {
          "line": 17,
          "column": 39
        },
        "end": {
          "line": 32,
          "column": 2
        }
      }
    },
    "fnMap": {
      "0": {
        "name": "(anonymous_0)",
        "decl": {
          "start": {
            "line": 17,
            "column": 26
          },
          "end": {
            "line": 17,
            "column": 27
          }
        },
        "loc": {
          "start": {
            "line": 17,
            "column": 39
          },
          "end": {
            "line": 32,
            "column": 2
          }
        },
        "line": 17
      }
    },
    "branchMap": {},
    "s": {
      "0": 1104,
      "1": 1104
    },
    "f": {
      "0": 1104
    },
    "b": {},
    "_coverageSchema": "1a1c01bbd47fc00a2c39e90264f33305004495a9",
    "hash": "839bc916b6dc51fb52db63a79c913abc461af68e"
  },
  "/Users/chris/Developer/projects/routineops/routineops-frontend/src/middleware/logger.js": {
    "path": "/Users/chris/Developer/projects/routineops/routineops-frontend/src/middleware/logger.js",
    "statementMap": {
      "0": {
        "start": {
          "line": 1,
          "column": 15
        },
        "end": {
          "line": 13,
          "column": 1
        }
      },
      "1": {
        "start": {
          "line": 1,
          "column": 24
        },
        "end": {
          "line": 13,
          "column": 1
        }
      },
      "2": {
        "start": {
          "line": 1,
          "column": 32
        },
        "end": {
          "line": 13,
          "column": 1
        }
      },
      "3": {
        "start": {
          "line": 2,
          "column": 2
        },
        "end": {
          "line": 12,
          "column": 3
        }
      },
      "4": {
        "start": {
          "line": 3,
          "column": 4
        },
        "end": {
          "line": 3,
          "column": 30
        }
      },
      "5": {
        "start": {
          "line": 4,
          "column": 4
        },
        "end": {
          "line": 4,
          "column": 44
        }
      },
      "6": {
        "start": {
          "line": 5,
          "column": 17
        },
        "end": {
          "line": 5,
          "column": 29
        }
      },
      "7": {
        "start": {
          "line": 6,
          "column": 4
        },
        "end": {
          "line": 6,
          "column": 47
        }
      },
      "8": {
        "start": {
          "line": 7,
          "column": 4
        },
        "end": {
          "line": 7,
          "column": 22
        }
      },
      "9": {
        "start": {
          "line": 8,
          "column": 4
        },
        "end": {
          "line": 8,
          "column": 17
        }
      },
      "10": {
        "start": {
          "line": 10,
          "column": 17
        },
        "end": {
          "line": 10,
          "column": 29
        }
      },
      "11": {
        "start": {
          "line": 11,
          "column": 4
        },
        "end": {
          "line": 11,
          "column": 17
        }
      }
    },
    "fnMap": {
      "0": {
        "name": "(anonymous_0)",
        "decl": {
          "start": {
            "line": 1,
            "column": 15
          },
          "end": {
            "line": 1,
            "column": 16
          }
        },
        "loc": {
          "start": {
            "line": 1,
            "column": 24
          },
          "end": {
            "line": 13,
            "column": 1
          }
        },
        "line": 1
      },
      "1": {
        "name": "(anonymous_1)",
        "decl": {
          "start": {
            "line": 1,
            "column": 24
          },
          "end": {
            "line": 1,
            "column": 25
          }
        },
        "loc": {
          "start": {
            "line": 1,
            "column": 32
          },
          "end": {
            "line": 13,
            "column": 1
          }
        },
        "line": 1
      },
      "2": {
        "name": "(anonymous_2)",
        "decl": {
          "start": {
            "line": 1,
            "column": 32
          },
          "end": {
            "line": 1,
            "column": 33
          }
        },
        "loc": {
          "start": {
            "line": 1,
            "column": 42
          },
          "end": {
            "line": 13,
            "column": 1
          }
        },
        "line": 1
      }
    },
    "branchMap": {
      "0": {
        "loc": {
          "start": {
            "line": 2,
            "column": 2
          },
          "end": {
            "line": 12,
            "column": 3
          }
        },
        "type": "if",
        "locations": [
          {
            "start": {
              "line": 2,
              "column": 2
            },
            "end": {
              "line": 12,
              "column": 3
            }
          },
          {
            "start": {
              "line": 2,
              "column": 2
            },
            "end": {
              "line": 12,
              "column": 3
            }
          }
        ],
        "line": 2
      }
    },
    "s": {
      "0": 1104,
      "1": 1104,
      "2": 1104,
      "3": 10218,
      "4": 10218,
      "5": 10218,
      "6": 10218,
      "7": 10210,
      "8": 10210,
      "9": 10210,
      "10": 0,
      "11": 0
    },
    "f": {
      "0": 1104,
      "1": 1104,
      "2": 10218
    },
    "b": {
      "0": [
        10218,
        0
      ]
    },
    "_coverageSchema": "1a1c01bbd47fc00a2c39e90264f33305004495a9",
    "hash": "b7723483fbf77cc0d903f16ded70b7f7b152dfab"
  },
  "/Users/chris/Developer/projects/routineops/routineops-frontend/src/configureStore.js": {
    "path": "/Users/chris/Developer/projects/routineops/routineops-frontend/src/configureStore.js",
    "statementMap": {
      "0": {
        "start": {
          "line": 9,
          "column": 23
        },
        "end": {
          "line": 9,
          "column": 45
        }
      },
      "1": {
        "start": {
          "line": 11,
          "column": 23
        },
        "end": {
          "line": 33,
          "column": 1
        }
      },
      "2": {
        "start": {
          "line": 12,
          "column": 16
        },
        "end": {
          "line": 22,
          "column": 3
        }
      },
      "3": {
        "start": {
          "line": 24,
          "column": 2
        },
        "end": {
          "line": 26,
          "column": 5
        }
      },
      "4": {
        "start": {
          "line": 25,
          "column": 4
        },
        "end": {
          "line": 25,
          "column": 31
        }
      },
      "5": {
        "start": {
          "line": 28,
          "column": 2
        },
        "end": {
          "line": 30,
          "column": 3
        }
      },
      "6": {
        "start": {
          "line": 29,
          "column": 4
        },
        "end": {
          "line": 29,
          "column": 25
        }
      },
      "7": {
        "start": {
          "line": 32,
          "column": 2
        },
        "end": {
          "line": 32,
          "column": 14
        }
      }
    },
    "fnMap": {
      "0": {
        "name": "(anonymous_0)",
        "decl": {
          "start": {
            "line": 11,
            "column": 23
          },
          "end": {
            "line": 11,
            "column": 24
          }
        },
        "loc": {
          "start": {
            "line": 11,
            "column": 43
          },
          "end": {
            "line": 33,
            "column": 1
          }
        },
        "line": 11
      },
      "1": {
        "name": "(anonymous_1)",
        "decl": {
          "start": {
            "line": 24,
            "column": 18
          },
          "end": {
            "line": 24,
            "column": 19
          }
        },
        "loc": {
          "start": {
            "line": 24,
            "column": 24
          },
          "end": {
            "line": 26,
            "column": 3
          }
        },
        "line": 24
      }
    },
    "branchMap": {
      "0": {
        "loc": {
          "start": {
            "line": 28,
            "column": 2
          },
          "end": {
            "line": 30,
            "column": 3
          }
        },
        "type": "if",
        "locations": [
          {
            "start": {
              "line": 28,
              "column": 2
            },
            "end": {
              "line": 30,
              "column": 3
            }
          },
          {
            "start": {
              "line": 28,
              "column": 2
            },
            "end": {
              "line": 30,
              "column": 3
            }
          }
        ],
        "line": 28
      },
      "1": {
        "loc": {
          "start": {
            "line": 28,
            "column": 6
          },
          "end": {
            "line": 28,
            "column": 61
          }
        },
        "type": "binary-expr",
        "locations": [
          {
            "start": {
              "line": 28,
              "column": 6
            },
            "end": {
              "line": 28,
              "column": 20
            }
          },
          {
            "start": {
              "line": 28,
              "column": 24
            },
            "end": {
              "line": 28,
              "column": 61
            }
          }
        ],
        "line": 28
      }
    },
    "s": {
      "0": 1104,
      "1": 1104,
      "2": 1104,
      "3": 1104,
      "4": 10210,
      "5": 1104,
      "6": 1104,
      "7": 1104
    },
    "f": {
      "0": 1104,
      "1": 10210
    },
    "b": {
      "0": [
        1104,
        0
      ],
      "1": [
        1104,
        0
      ]
    },
    "_coverageSchema": "1a1c01bbd47fc00a2c39e90264f33305004495a9",
    "hash": "3109e39e8c50487e83f409544e6bc93b1371a94b"
  },
  "/Users/chris/Developer/projects/routineops/routineops-frontend/src/index.js": {
    "path": "/Users/chris/Developer/projects/routineops/routineops-frontend/src/index.js",
    "statementMap": {
      "0": {
        "start": {
          "line": 13,
          "column": 22
        },
        "end": {
          "line": 13,
          "column": 70
        }
      },
      "1": {
        "start": {
          "line": 15,
          "column": 23
        },
        "end": {
          "line": 15,
          "column": 34
        }
      },
      "2": {
        "start": {
          "line": 16,
          "column": 14
        },
        "end": {
          "line": 16,
          "column": 44
        }
      },
      "3": {
        "start": {
          "line": 18,
          "column": 18
        },
        "end": {
          "line": 30,
          "column": 3
        }
      },
      "4": {
        "start": {
          "line": 19,
          "column": 2
        },
        "end": {
          "line": 30,
          "column": 3
        }
      },
      "5": {
        "start": {
          "line": 32,
          "column": 0
        },
        "end": {
          "line": 34,
          "column": 1
        }
      },
      "6": {
        "start": {
          "line": 33,
          "column": 2
        },
        "end": {
          "line": 33,
          "column": 80
        }
      },
      "7": {
        "start": {
          "line": 36,
          "column": 0
        },
        "end": {
          "line": 36,
          "column": 11
        }
      }
    },
    "fnMap": {
      "0": {
        "name": "(anonymous_0)",
        "decl": {
          "start": {
            "line": 18,
            "column": 18
          },
          "end": {
            "line": 18,
            "column": 19
          }
        },
        "loc": {
          "start": {
            "line": 19,
            "column": 2
          },
          "end": {
            "line": 30,
            "column": 3
          }
        },
        "line": 19
      }
    },
    "branchMap": {
      "0": {
        "loc": {
          "start": {
            "line": 32,
            "column": 0
          },
          "end": {
            "line": 34,
            "column": 1
          }
        },
        "type": "if",
        "locations": [
          {
            "start": {
              "line": 32,
              "column": 0
            },
            "end": {
              "line": 34,
              "column": 1
            }
          },
          {
            "start": {
              "line": 32,
              "column": 0
            },
            "end": {
              "line": 34,
              "column": 1
            }
          }
        ],
        "line": 32
      },
      "1": {
        "loc": {
          "start": {
            "line": 32,
            "column": 4
          },
          "end": {
            "line": 32,
            "column": 55
          }
        },
        "type": "binary-expr",
        "locations": [
          {
            "start": {
              "line": 32,
              "column": 4
            },
            "end": {
              "line": 32,
              "column": 41
            }
          },
          {
            "start": {
              "line": 32,
              "column": 45
            },
            "end": {
              "line": 32,
              "column": 55
            }
          }
        ],
        "line": 32
      }
    },
    "s": {
      "0": 1104,
      "1": 1104,
      "2": 1104,
      "3": 1104,
      "4": 1104,
      "5": 1104,
      "6": 1104,
      "7": 1104
    },
    "f": {
      "0": 1104
    },
    "b": {
      "0": [
        1104,
        0
      ],
      "1": [
        1104,
        1104
      ]
    },
    "_coverageSchema": "1a1c01bbd47fc00a2c39e90264f33305004495a9",
    "hash": "73226aa129c5df1451bb7e721e0791022b8e5222"
  }
}